  TransformationAnimation.cpp
c:\users\max\documents\github\setgame\setgame\set game\set game\animationtimer.h(72): warning C4244: 'initializing': conversion from 'sf::Int32' to 'float', possible loss of data
  c:\users\max\documents\github\setgame\setgame\set game\set game\animationtimer.h(71): note: while compiling class template member function 'float AnimationTimer<float>::GetPosition(void)'
  c:\users\max\documents\github\setgame\setgame\set game\set game\transformationanimation.cpp(43): note: see reference to function template instantiation 'float AnimationTimer<float>::GetPosition(void)' being compiled
  c:\users\max\documents\github\setgame\setgame\set game\set game\transformationanimation.h(9): note: see reference to class template instantiation 'AnimationTimer<float>' being compiled
c:\users\max\documents\github\setgame\setgame\set game\set game\animationtimer.h(29): warning C4244: 'initializing': conversion from 'sf::Int32' to 'float', possible loss of data
  c:\users\max\documents\github\setgame\setgame\set game\set game\animationtimer.h(27): note: while compiling class template member function 'float AnimationTimer<float>::CalculateBounceMovement(void)'
  c:\users\max\documents\github\setgame\setgame\set game\set game\animationtimer.h(86): note: see reference to function template instantiation 'float AnimationTimer<float>::CalculateBounceMovement(void)' being compiled
c:\users\max\documents\github\setgame\setgame\set game\set game\animationtimer.h(23): warning C4244: 'initializing': conversion from 'sf::Int32' to 'float', possible loss of data
  c:\users\max\documents\github\setgame\setgame\set game\set game\animationtimer.h(22): note: while compiling class template member function 'float AnimationTimer<float>::CalculateLinearMovement(void)'
  c:\users\max\documents\github\setgame\setgame\set game\set game\animationtimer.h(82): note: see reference to function template instantiation 'float AnimationTimer<float>::CalculateLinearMovement(void)' being compiled
  TextBox.cpp
  Test.cpp
c:\users\max\documents\github\setgame\setgame\set game\set game\test.cpp(61): warning C4018: '<': signed/unsigned mismatch
c:\users\max\documents\github\setgame\setgame\set game\set game\test.cpp(206): warning C4018: '<': signed/unsigned mismatch
  Stopwatch.cpp
c:\users\max\documents\github\setgame\setgame\set game\set game\stopwatch.cpp(49): warning C4018: '<': signed/unsigned mismatch
  PlayGame.cpp
c:\users\max\documents\github\setgame\setgame\set game\set game\playgame.cpp(28): warning C4305: 'argument': truncation from 'double' to 'float'
c:\users\max\documents\github\setgame\setgame\set game\set game\playgame.cpp(29): warning C4244: 'argument': conversion from 'int' to 'float', possible loss of data
c:\users\max\documents\github\setgame\setgame\set game\set game\playgame.cpp(56): warning C4018: '<': signed/unsigned mismatch
c:\users\max\documents\github\setgame\setgame\set game\set game\playgame.cpp(73): warning C4018: '<': signed/unsigned mismatch
  PlayArea.cpp
c:\users\max\documents\github\setgame\setgame\set game\set game\playarea.cpp(14): warning C4996: 'sf::Text::setColor': was declared deprecated
  c:\users\max\documents\github\setgame\setgame\set game\sfml\include\sfml\graphics\text.hpp(210): note: see declaration of 'sf::Text::setColor'
c:\users\max\documents\github\setgame\setgame\set game\set game\playarea.cpp(30): warning C4018: '<': signed/unsigned mismatch
c:\users\max\documents\github\setgame\setgame\set game\set game\playarea.cpp(32): warning C4305: 'argument': truncation from 'double' to 'float'
c:\users\max\documents\github\setgame\setgame\set game\set game\playarea.cpp(33): warning C4244: 'argument': conversion from 'int' to 'float', possible loss of data
c:\users\max\documents\github\setgame\setgame\set game\set game\playarea.cpp(72): warning C4018: '<': signed/unsigned mismatch
c:\users\max\documents\github\setgame\setgame\set game\set game\playarea.cpp(74): warning C4018: '<': signed/unsigned mismatch
c:\users\max\documents\github\setgame\setgame\set game\set game\playarea.cpp(76): warning C4018: '<': signed/unsigned mismatch
c:\users\max\documents\github\setgame\setgame\set game\set game\playarea.cpp(92): warning C4018: '<': signed/unsigned mismatch
c:\users\max\documents\github\setgame\setgame\set game\set game\playarea.cpp(108): warning C4018: '<': signed/unsigned mismatch
c:\users\max\documents\github\setgame\setgame\set game\set game\playarea.cpp(162): warning C4018: '<': signed/unsigned mismatch
c:\users\max\documents\github\setgame\setgame\set game\set game\playarea.cpp(141): warning C4996: 'sf::Text::setColor': was declared deprecated
  c:\users\max\documents\github\setgame\setgame\set game\sfml\include\sfml\graphics\text.hpp(210): note: see declaration of 'sf::Text::setColor'
c:\users\max\documents\github\setgame\setgame\set game\set game\playarea.cpp(170): warning C4996: 'sf::Text::setColor': was declared deprecated
  c:\users\max\documents\github\setgame\setgame\set game\sfml\include\sfml\graphics\text.hpp(210): note: see declaration of 'sf::Text::setColor'
c:\users\max\documents\github\setgame\setgame\set game\set game\playarea.cpp(190): warning C4996: 'sf::Text::setColor': was declared deprecated
  c:\users\max\documents\github\setgame\setgame\set game\sfml\include\sfml\graphics\text.hpp(210): note: see declaration of 'sf::Text::setColor'
c:\users\max\documents\github\setgame\setgame\set game\set game\playarea.cpp(196): warning C4996: 'sf::Text::setColor': was declared deprecated
  c:\users\max\documents\github\setgame\setgame\set game\sfml\include\sfml\graphics\text.hpp(210): note: see declaration of 'sf::Text::setColor'
c:\users\max\documents\github\setgame\setgame\set game\set game\playarea.cpp(198): warning C4996: 'sf::Text::setColor': was declared deprecated
  c:\users\max\documents\github\setgame\setgame\set game\sfml\include\sfml\graphics\text.hpp(210): note: see declaration of 'sf::Text::setColor'
c:\users\max\documents\github\setgame\setgame\set game\set game\playarea.cpp(255): warning C4018: '<': signed/unsigned mismatch
c:\users\max\documents\github\setgame\setgame\set game\set game\playarea.cpp(234): warning C4996: 'sf::Text::setColor': was declared deprecated
  c:\users\max\documents\github\setgame\setgame\set game\sfml\include\sfml\graphics\text.hpp(210): note: see declaration of 'sf::Text::setColor'
c:\users\max\documents\github\setgame\setgame\set game\set game\playarea.cpp(263): warning C4996: 'sf::Text::setColor': was declared deprecated
  c:\users\max\documents\github\setgame\setgame\set game\sfml\include\sfml\graphics\text.hpp(210): note: see declaration of 'sf::Text::setColor'
c:\users\max\documents\github\setgame\setgame\set game\set game\playarea.cpp(283): warning C4996: 'sf::Text::setColor': was declared deprecated
  c:\users\max\documents\github\setgame\setgame\set game\sfml\include\sfml\graphics\text.hpp(210): note: see declaration of 'sf::Text::setColor'
c:\users\max\documents\github\setgame\setgame\set game\set game\playarea.cpp(289): warning C4996: 'sf::Text::setColor': was declared deprecated
  c:\users\max\documents\github\setgame\setgame\set game\sfml\include\sfml\graphics\text.hpp(210): note: see declaration of 'sf::Text::setColor'
c:\users\max\documents\github\setgame\setgame\set game\set game\playarea.cpp(291): warning C4996: 'sf::Text::setColor': was declared deprecated
  c:\users\max\documents\github\setgame\setgame\set game\sfml\include\sfml\graphics\text.hpp(210): note: see declaration of 'sf::Text::setColor'
c:\users\max\documents\github\setgame\setgame\set game\set game\playarea.cpp(348): warning C4018: '<': signed/unsigned mismatch
c:\users\max\documents\github\setgame\setgame\set game\set game\playarea.cpp(327): warning C4996: 'sf::Text::setColor': was declared deprecated
  c:\users\max\documents\github\setgame\setgame\set game\sfml\include\sfml\graphics\text.hpp(210): note: see declaration of 'sf::Text::setColor'
c:\users\max\documents\github\setgame\setgame\set game\set game\playarea.cpp(356): warning C4996: 'sf::Text::setColor': was declared deprecated
  c:\users\max\documents\github\setgame\setgame\set game\sfml\include\sfml\graphics\text.hpp(210): note: see declaration of 'sf::Text::setColor'
c:\users\max\documents\github\setgame\setgame\set game\set game\playarea.cpp(376): warning C4996: 'sf::Text::setColor': was declared deprecated
  c:\users\max\documents\github\setgame\setgame\set game\sfml\include\sfml\graphics\text.hpp(210): note: see declaration of 'sf::Text::setColor'
c:\users\max\documents\github\setgame\setgame\set game\set game\playarea.cpp(382): warning C4996: 'sf::Text::setColor': was declared deprecated
  c:\users\max\documents\github\setgame\setgame\set game\sfml\include\sfml\graphics\text.hpp(210): note: see declaration of 'sf::Text::setColor'
c:\users\max\documents\github\setgame\setgame\set game\set game\playarea.cpp(384): warning C4996: 'sf::Text::setColor': was declared deprecated
  c:\users\max\documents\github\setgame\setgame\set game\sfml\include\sfml\graphics\text.hpp(210): note: see declaration of 'sf::Text::setColor'
c:\users\max\documents\github\setgame\setgame\set game\set game\playarea.cpp(399): warning C4018: '<': signed/unsigned mismatch
c:\users\max\documents\github\setgame\setgame\set game\set game\playarea.cpp(412): warning C4996: 'sf::Text::setColor': was declared deprecated
  c:\users\max\documents\github\setgame\setgame\set game\sfml\include\sfml\graphics\text.hpp(210): note: see declaration of 'sf::Text::setColor'
c:\users\max\documents\github\setgame\setgame\set game\set game\playarea.cpp(424): warning C4244: '=': conversion from 'time_t' to 'sf::Int32', possible loss of data
  Menu.cpp
c:\users\max\documents\github\setgame\setgame\set game\set game\menu.cpp(21): warning C4018: '<': signed/unsigned mismatch
c:\users\max\documents\github\setgame\setgame\set game\set game\menu.cpp(24): warning C4244: 'argument': conversion from 'int' to 'float', possible loss of data
c:\users\max\documents\github\setgame\setgame\set game\set game\menu.cpp(11): warning C4996: 'sf::Text::setColor': was declared deprecated
  c:\users\max\documents\github\setgame\setgame\set game\sfml\include\sfml\graphics\text.hpp(210): note: see declaration of 'sf::Text::setColor'
c:\users\max\documents\github\setgame\setgame\set game\set game\menu.cpp(23): warning C4996: 'sf::Text::setColor': was declared deprecated
  c:\users\max\documents\github\setgame\setgame\set game\sfml\include\sfml\graphics\text.hpp(210): note: see declaration of 'sf::Text::setColor'
c:\users\max\documents\github\setgame\setgame\set game\set game\menu.cpp(67): warning C4018: '<': signed/unsigned mismatch
c:\users\max\documents\github\setgame\setgame\set game\set game\menu.cpp(82): warning C4018: '<': signed/unsigned mismatch
c:\users\max\documents\github\setgame\setgame\set game\set game\menu.cpp(94): warning C4018: '<': signed/unsigned mismatch
c:\users\max\documents\github\setgame\setgame\set game\set game\menu.cpp(91): warning C4996: 'sf::Text::setColor': was declared deprecated
  c:\users\max\documents\github\setgame\setgame\set game\sfml\include\sfml\graphics\text.hpp(210): note: see declaration of 'sf::Text::setColor'
c:\users\max\documents\github\setgame\setgame\set game\set game\menu.cpp(96): warning C4996: 'sf::Text::setColor': was declared deprecated
  c:\users\max\documents\github\setgame\setgame\set game\sfml\include\sfml\graphics\text.hpp(210): note: see declaration of 'sf::Text::setColor'
  main.cpp
  HowToPlay.cpp
c:\users\max\documents\github\setgame\setgame\set game\set game\howtoplay.cpp(140): warning C4305: 'argument': truncation from 'double' to 'float'
c:\users\max\documents\github\setgame\setgame\set game\set game\howtoplay.cpp(141): warning C4244: 'argument': conversion from 'int' to 'float', possible loss of data
c:\users\max\documents\github\setgame\setgame\set game\set game\howtoplay.cpp(224): warning C4305: 'argument': truncation from 'double' to 'float'
c:\users\max\documents\github\setgame\setgame\set game\set game\howtoplay.cpp(225): warning C4244: 'argument': conversion from 'int' to 'float', possible loss of data
  Deck.cpp
c:\users\max\documents\github\setgame\setgame\set game\set game\deck.cpp(32): warning C4018: '<': signed/unsigned mismatch
c:\users\max\documents\github\setgame\setgame\set game\set game\deck.cpp(49): warning C4244: 'argument': conversion from 'double' to 'unsigned int', possible loss of data
  CardInPlay.cpp
  Card.cpp
c:\users\max\documents\github\setgame\setgame\set game\set game\card.cpp(107): warning C4018: '<': signed/unsigned mismatch
  Generating Code...
c:\users\max\documents\github\setgame\setgame\set game\set game\menu.cpp(62): warning C4715: 'Menu::renderMenu': not all control paths return a value
  Set Game.vcxproj -> C:\Users\Max\Documents\GitHub\SetGame\SetGame\Set Game\Debug\Set Game.exe
  Set Game.vcxproj -> C:\Users\Max\Documents\GitHub\SetGame\SetGame\Set Game\Debug\Set Game.pdb (Full PDB)
