c:\users\maqz\documents\github\setgame\set game\set game\debug\vc140.pdb
c:\users\maqz\desktop\set game playarea\set game\debug\vc140.pdb
c:\users\maqz\desktop\set game playarea\set game\debug\vc140.idb
c:\users\maqz\desktop\set game playarea\set game\debug\card.obj
c:\users\maqz\desktop\set game playarea\set game\debug\cardinplay.obj
c:\users\maqz\desktop\set game playarea\set game\debug\deck.obj
c:\users\maqz\desktop\set game playarea\set game\debug\main.obj
c:\users\maqz\desktop\set game playarea\set game\debug\playarea.obj
c:\users\maqz\desktop\set game playarea\set game\debug\playgame.obj
c:\users\maqz\documents\github\setgame\set game\set game\debug\vc140.idb
c:\users\maqz\documents\github\setgame\set game\set game\debug\card.obj
c:\users\maqz\documents\github\setgame\set game\set game\debug\cardinplay.obj
c:\users\maqz\documents\github\setgame\set game\set game\debug\deck.obj
c:\users\maqz\documents\github\setgame\set game\set game\debug\howtoplay.obj
c:\users\maqz\documents\github\setgame\set game\set game\debug\playarea.obj
c:\users\maqz\documents\github\setgame\set game\set game\debug\playgame.obj
c:\users\maqz\documents\github\setgame\set game\set game\debug\main.obj
c:\users\maqz\desktop\set game playarea\debug\set game.ilk
c:\users\maqz\desktop\set game playarea\debug\set game.exe
c:\users\maqz\desktop\set game playarea\debug\set game.pdb
c:\users\maqz\documents\github\setgame\set game\debug\set game.ilk
c:\users\maqz\documents\github\setgame\set game\debug\set game.exe
c:\users\maqz\documents\github\setgame\set game\debug\set game.pdb
c:\users\maqz\documents\github\setgame\set game\set game\debug\playarea.obj.enc
c:\users\maqz\documents\github\setgame\set game\set game\debug\set game.tlog\cl.command.1.tlog
c:\users\maqz\documents\github\setgame\set game\set game\debug\set game.tlog\cl.read.1.tlog
c:\users\maqz\documents\github\setgame\set game\set game\debug\set game.tlog\cl.write.1.tlog
c:\users\maqz\documents\github\setgame\set game\set game\debug\set game.tlog\link.command.1.tlog
c:\users\maqz\documents\github\setgame\set game\set game\debug\set game.tlog\link.read.1.tlog
c:\users\maqz\documents\github\setgame\set game\set game\debug\set game.tlog\link.write.1.tlog
